[1.508s] Invoking command in '/home/kiro06/Documents/dobot_project/dobot_workspace/src/dobot_robot_manager': DEBUGINFOD_URLS=https://debuginfod.ubuntu.com PYTHONPATH=/home/kiro06/Documents/dobot_project/dobot_workspace/build/dobot_robot_manager/prefix_override:/usr/lib/python3/dist-packages/colcon_core/task/python/colcon_distutils_commands:/home/kiro06/Documents/dobot_project/dobot_workspace/install/dobot_robot_manager/lib/python3.12/site-packages:${PYTHONPATH} /usr/bin/python3 -W ignore:setup.py install is deprecated -W ignore:easy_install command is deprecated setup.py egg_info --egg-base ../../build/dobot_robot_manager build --build-base /home/kiro06/Documents/dobot_project/dobot_workspace/build/dobot_robot_manager/build install --record /home/kiro06/Documents/dobot_project/dobot_workspace/build/dobot_robot_manager/install.log --single-version-externally-managed install_data
[1.906s] running egg_info
[1.937s] writing ../../build/dobot_robot_manager/dobot_robot_manager.egg-info/PKG-INFO
[1.938s] writing dependency_links to ../../build/dobot_robot_manager/dobot_robot_manager.egg-info/dependency_links.txt
[1.938s] writing entry points to ../../build/dobot_robot_manager/dobot_robot_manager.egg-info/entry_points.txt
[1.938s] writing requirements to ../../build/dobot_robot_manager/dobot_robot_manager.egg-info/requires.txt
[1.938s] writing top-level names to ../../build/dobot_robot_manager/dobot_robot_manager.egg-info/top_level.txt
[2.000s] reading manifest file '../../build/dobot_robot_manager/dobot_robot_manager.egg-info/SOURCES.txt'
[2.001s] writing manifest file '../../build/dobot_robot_manager/dobot_robot_manager.egg-info/SOURCES.txt'
[2.001s] running build
[2.001s] running build_py
[2.001s] running install
[2.009s] running install_lib
[2.059s] running install_data
[2.059s] running install_egg_info
[2.127s] removing '/home/kiro06/Documents/dobot_project/dobot_workspace/install/dobot_robot_manager/lib/python3.12/site-packages/dobot_robot_manager-1.0.0-py3.12.egg-info' (and everything under it)
[2.127s] Copying ../../build/dobot_robot_manager/dobot_robot_manager.egg-info to /home/kiro06/Documents/dobot_project/dobot_workspace/install/dobot_robot_manager/lib/python3.12/site-packages/dobot_robot_manager-1.0.0-py3.12.egg-info
[2.128s] running install_scripts
[2.324s] Installing dobot_client script to /home/kiro06/Documents/dobot_project/dobot_workspace/install/dobot_robot_manager/lib/dobot_robot_manager
[2.324s] Installing dobot_server script to /home/kiro06/Documents/dobot_project/dobot_workspace/install/dobot_robot_manager/lib/dobot_robot_manager
[2.324s] Installing dobot_tcp_server script to /home/kiro06/Documents/dobot_project/dobot_workspace/install/dobot_robot_manager/lib/dobot_robot_manager
[2.324s] writing list of installed files to '/home/kiro06/Documents/dobot_project/dobot_workspace/build/dobot_robot_manager/install.log'
[2.377s] Invoked command in '/home/kiro06/Documents/dobot_project/dobot_workspace/src/dobot_robot_manager' returned '0': DEBUGINFOD_URLS=https://debuginfod.ubuntu.com PYTHONPATH=/home/kiro06/Documents/dobot_project/dobot_workspace/build/dobot_robot_manager/prefix_override:/usr/lib/python3/dist-packages/colcon_core/task/python/colcon_distutils_commands:/home/kiro06/Documents/dobot_project/dobot_workspace/install/dobot_robot_manager/lib/python3.12/site-packages:${PYTHONPATH} /usr/bin/python3 -W ignore:setup.py install is deprecated -W ignore:easy_install command is deprecated setup.py egg_info --egg-base ../../build/dobot_robot_manager build --build-base /home/kiro06/Documents/dobot_project/dobot_workspace/build/dobot_robot_manager/build install --record /home/kiro06/Documents/dobot_project/dobot_workspace/build/dobot_robot_manager/install.log --single-version-externally-managed install_data
