[1.530s] Invoking command in '/home/kiro06/Documents/dobot_project/dobot_workspace/src/dobot_robot_manager': DEBUGINFOD_URLS=https://debuginfod.ubuntu.com PYTHONPATH=/home/kiro06/Documents/dobot_project/dobot_workspace/build/dobot_robot_manager/prefix_override:/usr/lib/python3/dist-packages/colcon_core/task/python/colcon_distutils_commands:/home/kiro06/Documents/dobot_project/dobot_workspace/install/dobot_robot_manager/lib/python3.12/site-packages:${PYTHONPATH} /usr/bin/python3 -W ignore:setup.py install is deprecated -W ignore:easy_install command is deprecated setup.py egg_info --egg-base ../../build/dobot_robot_manager build --build-base /home/kiro06/Documents/dobot_project/dobot_workspace/build/dobot_robot_manager/build install --record /home/kiro06/Documents/dobot_project/dobot_workspace/build/dobot_robot_manager/install.log --single-version-externally-managed install_data
[1.929s] running egg_info
[1.961s] writing ../../build/dobot_robot_manager/dobot_robot_manager.egg-info/PKG-INFO
[1.961s] writing dependency_links to ../../build/dobot_robot_manager/dobot_robot_manager.egg-info/dependency_links.txt
[1.961s] writing entry points to ../../build/dobot_robot_manager/dobot_robot_manager.egg-info/entry_points.txt
[1.962s] writing requirements to ../../build/dobot_robot_manager/dobot_robot_manager.egg-info/requires.txt
[1.962s] writing top-level names to ../../build/dobot_robot_manager/dobot_robot_manager.egg-info/top_level.txt
[2.024s] reading manifest file '../../build/dobot_robot_manager/dobot_robot_manager.egg-info/SOURCES.txt'
[2.025s] writing manifest file '../../build/dobot_robot_manager/dobot_robot_manager.egg-info/SOURCES.txt'
[2.025s] running build
[2.025s] running build_py
[2.025s] running install
[2.033s] running install_lib
[2.065s] running install_data
[2.065s] copying launch/client_only.launch.py -> /home/kiro06/Documents/dobot_project/dobot_workspace/install/dobot_robot_manager/share/dobot_robot_manager/launch
[2.066s] copying config/robot_config.yaml -> /home/kiro06/Documents/dobot_project/dobot_workspace/install/dobot_robot_manager/share/dobot_robot_manager/config
[2.066s] copying config/development.yaml -> /home/kiro06/Documents/dobot_project/dobot_workspace/install/dobot_robot_manager/share/dobot_robot_manager/config
[2.066s] copying config/production.yaml -> /home/kiro06/Documents/dobot_project/dobot_workspace/install/dobot_robot_manager/share/dobot_robot_manager/config
[2.066s] copying config/server_config.yaml -> /home/kiro06/Documents/dobot_project/dobot_workspace/install/dobot_robot_manager/share/dobot_robot_manager/config
[2.066s] copying config/topics_config.yaml -> /home/kiro06/Documents/dobot_project/dobot_workspace/install/dobot_robot_manager/share/dobot_robot_manager/config
[2.066s] copying config/launch_config.yaml -> /home/kiro06/Documents/dobot_project/dobot_workspace/install/dobot_robot_manager/share/dobot_robot_manager/config
[2.067s] copying config/system_config.yaml -> /home/kiro06/Documents/dobot_project/dobot_workspace/install/dobot_robot_manager/share/dobot_robot_manager/config
[2.067s] creating /home/kiro06/Documents/dobot_project/dobot_workspace/install/dobot_robot_manager/share/dobot_robot_manager/scripts
[2.067s] running install_egg_info
[2.099s] removing '/home/kiro06/Documents/dobot_project/dobot_workspace/install/dobot_robot_manager/lib/python3.12/site-packages/dobot_robot_manager-1.0.0-py3.12.egg-info' (and everything under it)
[2.099s] Copying ../../build/dobot_robot_manager/dobot_robot_manager.egg-info to /home/kiro06/Documents/dobot_project/dobot_workspace/install/dobot_robot_manager/lib/python3.12/site-packages/dobot_robot_manager-1.0.0-py3.12.egg-info
[2.101s] running install_scripts
[2.297s] Installing dobot_client script to /home/kiro06/Documents/dobot_project/dobot_workspace/install/dobot_robot_manager/lib/dobot_robot_manager
[2.297s] Installing dobot_server script to /home/kiro06/Documents/dobot_project/dobot_workspace/install/dobot_robot_manager/lib/dobot_robot_manager
[2.297s] Installing dobot_tcp_server script to /home/kiro06/Documents/dobot_project/dobot_workspace/install/dobot_robot_manager/lib/dobot_robot_manager
[2.297s] writing list of installed files to '/home/kiro06/Documents/dobot_project/dobot_workspace/build/dobot_robot_manager/install.log'
[2.338s] Invoked command in '/home/kiro06/Documents/dobot_project/dobot_workspace/src/dobot_robot_manager' returned '0': DEBUGINFOD_URLS=https://debuginfod.ubuntu.com PYTHONPATH=/home/kiro06/Documents/dobot_project/dobot_workspace/build/dobot_robot_manager/prefix_override:/usr/lib/python3/dist-packages/colcon_core/task/python/colcon_distutils_commands:/home/kiro06/Documents/dobot_project/dobot_workspace/install/dobot_robot_manager/lib/python3.12/site-packages:${PYTHONPATH} /usr/bin/python3 -W ignore:setup.py install is deprecated -W ignore:easy_install command is deprecated setup.py egg_info --egg-base ../../build/dobot_robot_manager build --build-base /home/kiro06/Documents/dobot_project/dobot_workspace/build/dobot_robot_manager/build install --record /home/kiro06/Documents/dobot_project/dobot_workspace/build/dobot_robot_manager/install.log --single-version-externally-managed install_data
