[1.472s] Invoking command in '/home/kiro06/Documents/dobot_project/dobot_workspace/build/dobot_ros2_client': DEBUGINFOD_URLS=https://debuginfod.ubuntu.com PYTHONPATH=/home/kiro06/Documents/dobot_project/dobot_workspace/build/dobot_ros2_client/prefix_override:/usr/lib/python3/dist-packages/colcon_core/task/python/colcon_distutils_commands:/home/kiro06/Documents/dobot_project/dobot_workspace/install/dobot_ros2_client/lib/python3.12/site-packages:${PYTHONPATH} /usr/bin/python3 -W ignore:setup.py install is deprecated -W ignore:easy_install command is deprecated setup.py develop --editable --build-directory /home/kiro06/Documents/dobot_project/dobot_workspace/build/dobot_ros2_client/build --no-deps symlink_data
[1.984s] running develop
[2.330s] running egg_info
[2.331s] creating dobot_ros2_client.egg-info
[2.361s] writing dobot_ros2_client.egg-info/PKG-INFO
[2.362s] writing dependency_links to dobot_ros2_client.egg-info/dependency_links.txt
[2.362s] writing entry points to dobot_ros2_client.egg-info/entry_points.txt
[2.362s] writing requirements to dobot_ros2_client.egg-info/requires.txt
[2.362s] writing top-level names to dobot_ros2_client.egg-info/top_level.txt
[2.362s] writing manifest file 'dobot_ros2_client.egg-info/SOURCES.txt'
[2.437s] reading manifest file 'dobot_ros2_client.egg-info/SOURCES.txt'
[2.437s] writing manifest file 'dobot_ros2_client.egg-info/SOURCES.txt'
[2.470s] running build_ext
[2.470s] Creating /home/kiro06/Documents/dobot_project/dobot_workspace/install/dobot_ros2_client/lib/python3.12/site-packages/dobot-ros2-client.egg-link (link to .)
[2.471s] Installing dobot_client_node script to /home/kiro06/Documents/dobot_project/dobot_workspace/install/dobot_ros2_client/lib/dobot_ros2_client
[2.471s] Installing dobot_test_node script to /home/kiro06/Documents/dobot_project/dobot_workspace/install/dobot_ros2_client/lib/dobot_ros2_client
[2.471s] 
[2.471s] Installed /home/kiro06/Documents/dobot_project/dobot_workspace/build/dobot_ros2_client
[2.472s] running symlink_data
[2.472s] creating /home/kiro06/Documents/dobot_project/dobot_workspace/install/dobot_ros2_client/share/ament_index
[2.472s] creating /home/kiro06/Documents/dobot_project/dobot_workspace/install/dobot_ros2_client/share/ament_index/resource_index
[2.472s] creating /home/kiro06/Documents/dobot_project/dobot_workspace/install/dobot_ros2_client/share/ament_index/resource_index/packages
[2.472s] symbolically linking /home/kiro06/Documents/dobot_project/dobot_workspace/build/dobot_ros2_client/resource/dobot_ros2_client -> /home/kiro06/Documents/dobot_project/dobot_workspace/install/dobot_ros2_client/share/ament_index/resource_index/packages
[2.472s] symbolically linking /home/kiro06/Documents/dobot_project/dobot_workspace/build/dobot_ros2_client/package.xml -> /home/kiro06/Documents/dobot_project/dobot_workspace/install/dobot_ros2_client/share/dobot_ros2_client
[2.473s] creating /home/kiro06/Documents/dobot_project/dobot_workspace/install/dobot_ros2_client/share/dobot_ros2_client/launch
[2.473s] symbolically linking /home/kiro06/Documents/dobot_project/dobot_workspace/build/dobot_ros2_client/launch/dobot_client.launch.py -> /home/kiro06/Documents/dobot_project/dobot_workspace/install/dobot_ros2_client/share/dobot_ros2_client/launch
[2.473s] creating /home/kiro06/Documents/dobot_project/dobot_workspace/install/dobot_ros2_client/share/dobot_ros2_client/config
[2.523s] Invoked command in '/home/kiro06/Documents/dobot_project/dobot_workspace/build/dobot_ros2_client' returned '0': DEBUGINFOD_URLS=https://debuginfod.ubuntu.com PYTHONPATH=/home/kiro06/Documents/dobot_project/dobot_workspace/build/dobot_ros2_client/prefix_override:/usr/lib/python3/dist-packages/colcon_core/task/python/colcon_distutils_commands:/home/kiro06/Documents/dobot_project/dobot_workspace/install/dobot_ros2_client/lib/python3.12/site-packages:${PYTHONPATH} /usr/bin/python3 -W ignore:setup.py install is deprecated -W ignore:easy_install command is deprecated setup.py develop --editable --build-directory /home/kiro06/Documents/dobot_project/dobot_workspace/build/dobot_ros2_client/build --no-deps symlink_data
