running egg_info
writing ../../build/dobot_ros2_client/dobot_ros2_client.egg-info/PKG-INFO
writing dependency_links to ../../build/dobot_ros2_client/dobot_ros2_client.egg-info/dependency_links.txt
writing entry points to ../../build/dobot_ros2_client/dobot_ros2_client.egg-info/entry_points.txt
writing requirements to ../../build/dobot_ros2_client/dobot_ros2_client.egg-info/requires.txt
writing top-level names to ../../build/dobot_ros2_client/dobot_ros2_client.egg-info/top_level.txt
reading manifest file '../../build/dobot_ros2_client/dobot_ros2_client.egg-info/SOURCES.txt'
writing manifest file '../../build/dobot_ros2_client/dobot_ros2_client.egg-info/SOURCES.txt'
running build
running build_py
running install
running install_lib
running install_data
copying launch/dobot_client_named.launch.py -> /home/kiro06/Documents/dobot_project/dobot_workspace/install/dobot_ros2_client/share/dobot_ros2_client/launch
running install_egg_info
removing '/home/kiro06/Documents/dobot_project/dobot_workspace/install/dobot_ros2_client/lib/python3.12/site-packages/dobot_ros2_client-0.0.1-py3.12.egg-info' (and everything under it)
Copying ../../build/dobot_ros2_client/dobot_ros2_client.egg-info to /home/kiro06/Documents/dobot_project/dobot_workspace/install/dobot_ros2_client/lib/python3.12/site-packages/dobot_ros2_client-0.0.1-py3.12.egg-info
running install_scripts
Installing dobot_client_node script to /home/kiro06/Documents/dobot_project/dobot_workspace/install/dobot_ros2_client/lib/dobot_ros2_client
Installing dobot_test_node script to /home/kiro06/Documents/dobot_project/dobot_workspace/install/dobot_ros2_client/lib/dobot_ros2_client
writing list of installed files to '/home/kiro06/Documents/dobot_project/dobot_workspace/build/dobot_ros2_client/install.log'
