[0.142s] [34mcolcon[0m [1;30mDEBUG[0m [32mCommand line arguments: ['/usr/bin/colcon', 'build'][0m
[0.142s] [34mcolcon[0m [1;30mDEBUG[0m [32mParsed command line arguments: Namespace(log_base=None, log_level=None, verb_name='build', build_base='build', install_base='install', merge_install=False, symlink_install=False, test_result_base=None, continue_on_error=False, executor='parallel', parallel_workers=12, event_handlers=None, ignore_user_meta=False, metas=['./colcon.meta'], base_paths=['.'], packages_ignore=None, packages_ignore_regex=None, paths=None, packages_up_to=None, packages_up_to_regex=None, packages_above=None, packages_above_and_dependencies=None, packages_above_depth=None, packages_select_by_dep=None, packages_skip_by_dep=None, packages_skip_up_to=None, packages_select_build_failed=False, packages_skip_build_finished=False, packages_select_test_failures=False, packages_skip_test_passed=False, packages_select=None, packages_skip=None, packages_select_regex=None, packages_skip_regex=None, packages_start=None, packages_end=None, allow_overriding=[], cmake_args=None, cmake_target=None, cmake_target_skip_unavailable=False, cmake_clean_cache=False, cmake_clean_first=False, cmake_force_configure=False, ament_cmake_args=None, catkin_cmake_args=None, catkin_skip_building_tests=False, mixin_files=None, mixin=None, verb_parser=<colcon_mixin.mixin.mixin_argument.MixinArgumentDecorator object at 0x7f93a017ec00>, verb_extension=<colcon_core.verb.build.BuildVerb object at 0x7f93a02a35c0>, main=<bound method BuildVerb.main of <colcon_core.verb.build.BuildVerb object at 0x7f93a02a35c0>>, mixin_verb=('build',))[0m
[0.188s] [34mcolcon.colcon_core.package_discovery[0m [1;30mLevel 1[0m discover_packages(colcon_meta) check parameters
[0.188s] [34mcolcon.colcon_core.package_discovery[0m [1;30mLevel 1[0m discover_packages(recursive) check parameters
[0.188s] [34mcolcon.colcon_core.package_discovery[0m [1;30mLevel 1[0m discover_packages(ignore) check parameters
[0.188s] [34mcolcon.colcon_core.package_discovery[0m [1;30mLevel 1[0m discover_packages(path) check parameters
[0.188s] [34mcolcon.colcon_core.package_discovery[0m [1;30mLevel 1[0m discover_packages(colcon_meta) discover
[0.188s] [34mcolcon.colcon_core.package_discovery[0m [1;30mLevel 1[0m discover_packages(recursive) discover
[0.188s] [34mcolcon.colcon_core.package_discovery[0m [1;30mINFO[0m Crawling recursively for packages in '/home/kiro06/Documents/dobot_project/dobot_workspace'
[0.188s] [34mcolcon.colcon_core.package_identification[0m [1;30mLevel 1[0m _identify(.) by extensions ['ignore', 'ignore_ament_install']
[0.189s] [34mcolcon.colcon_core.package_identification[0m [1;30mLevel 1[0m _identify(.) by extension 'ignore'
[0.189s] [34mcolcon.colcon_core.package_identification[0m [1;30mLevel 1[0m _identify(.) by extension 'ignore_ament_install'
[0.189s] [34mcolcon.colcon_core.package_identification[0m [1;30mLevel 1[0m _identify(.) by extensions ['colcon_pkg']
[0.189s] [34mcolcon.colcon_core.package_identification[0m [1;30mLevel 1[0m _identify(.) by extension 'colcon_pkg'
[0.189s] [34mcolcon.colcon_core.package_identification[0m [1;30mLevel 1[0m _identify(.) by extensions ['colcon_meta']
[0.189s] [34mcolcon.colcon_core.package_identification[0m [1;30mLevel 1[0m _identify(.) by extension 'colcon_meta'
[0.189s] [34mcolcon.colcon_core.package_identification[0m [1;30mLevel 1[0m _identify(.) by extensions ['ros']
[0.189s] [34mcolcon.colcon_core.package_identification[0m [1;30mLevel 1[0m _identify(.) by extension 'ros'
[0.217s] [34mcolcon.colcon_core.package_identification[0m [1;30mLevel 1[0m _identify(.) by extensions ['cmake', 'python']
[0.218s] [34mcolcon.colcon_core.package_identification[0m [1;30mLevel 1[0m _identify(.) by extension 'cmake'
[0.218s] [34mcolcon.colcon_core.package_identification[0m [1;30mLevel 1[0m _identify(.) by extension 'python'
[0.218s] [34mcolcon.colcon_core.package_identification[0m [1;30mLevel 1[0m _identify(.) by extensions ['python_setup_py']
[0.218s] [34mcolcon.colcon_core.package_identification[0m [1;30mLevel 1[0m _identify(.) by extension 'python_setup_py'
[0.218s] [34mcolcon.colcon_core.package_identification[0m [1;30mLevel 1[0m _identify(build) by extensions ['ignore', 'ignore_ament_install']
[0.218s] [34mcolcon.colcon_core.package_identification[0m [1;30mLevel 1[0m _identify(build) by extension 'ignore'
[0.218s] [34mcolcon.colcon_core.package_identification[0m [1;30mLevel 1[0m _identify(build) ignored
[0.218s] [34mcolcon.colcon_core.package_identification[0m [1;30mLevel 1[0m _identify(install) by extensions ['ignore', 'ignore_ament_install']
[0.218s] [34mcolcon.colcon_core.package_identification[0m [1;30mLevel 1[0m _identify(install) by extension 'ignore'
[0.218s] [34mcolcon.colcon_core.package_identification[0m [1;30mLevel 1[0m _identify(install) ignored
[0.218s] [34mcolcon.colcon_core.package_identification[0m [1;30mLevel 1[0m _identify(log) by extensions ['ignore', 'ignore_ament_install']
[0.219s] [34mcolcon.colcon_core.package_identification[0m [1;30mLevel 1[0m _identify(log) by extension 'ignore'
[0.219s] [34mcolcon.colcon_core.package_identification[0m [1;30mLevel 1[0m _identify(log) ignored
[0.219s] [34mcolcon.colcon_core.package_identification[0m [1;30mLevel 1[0m _identify(src) by extensions ['ignore', 'ignore_ament_install']
[0.219s] [34mcolcon.colcon_core.package_identification[0m [1;30mLevel 1[0m _identify(src) by extension 'ignore'
[0.219s] [34mcolcon.colcon_core.package_identification[0m [1;30mLevel 1[0m _identify(src) by extension 'ignore_ament_install'
[0.219s] [34mcolcon.colcon_core.package_identification[0m [1;30mLevel 1[0m _identify(src) by extensions ['colcon_pkg']
[0.219s] [34mcolcon.colcon_core.package_identification[0m [1;30mLevel 1[0m _identify(src) by extension 'colcon_pkg'
[0.219s] [34mcolcon.colcon_core.package_identification[0m [1;30mLevel 1[0m _identify(src) by extensions ['colcon_meta']
[0.219s] [34mcolcon.colcon_core.package_identification[0m [1;30mLevel 1[0m _identify(src) by extension 'colcon_meta'
[0.219s] [34mcolcon.colcon_core.package_identification[0m [1;30mLevel 1[0m _identify(src) by extensions ['ros']
[0.219s] [34mcolcon.colcon_core.package_identification[0m [1;30mLevel 1[0m _identify(src) by extension 'ros'
[0.219s] [34mcolcon.colcon_core.package_identification[0m [1;30mLevel 1[0m _identify(src) by extensions ['cmake', 'python']
[0.219s] [34mcolcon.colcon_core.package_identification[0m [1;30mLevel 1[0m _identify(src) by extension 'cmake'
[0.219s] [34mcolcon.colcon_core.package_identification[0m [1;30mLevel 1[0m _identify(src) by extension 'python'
[0.219s] [34mcolcon.colcon_core.package_identification[0m [1;30mLevel 1[0m _identify(src) by extensions ['python_setup_py']
[0.219s] [34mcolcon.colcon_core.package_identification[0m [1;30mLevel 1[0m _identify(src) by extension 'python_setup_py'
[0.219s] [34mcolcon.colcon_core.package_identification[0m [1;30mLevel 1[0m _identify(src/build) by extensions ['ignore', 'ignore_ament_install']
[0.220s] [34mcolcon.colcon_core.package_identification[0m [1;30mLevel 1[0m _identify(src/build) by extension 'ignore'
[0.220s] [34mcolcon.colcon_core.package_identification[0m [1;30mLevel 1[0m _identify(src/build) ignored
[0.220s] [34mcolcon.colcon_core.package_identification[0m [1;30mLevel 1[0m _identify(src/dobot_robot_manager) by extensions ['ignore', 'ignore_ament_install']
[0.220s] [34mcolcon.colcon_core.package_identification[0m [1;30mLevel 1[0m _identify(src/dobot_robot_manager) by extension 'ignore'
[0.220s] [34mcolcon.colcon_core.package_identification[0m [1;30mLevel 1[0m _identify(src/dobot_robot_manager) by extension 'ignore_ament_install'
[0.220s] [34mcolcon.colcon_core.package_identification[0m [1;30mLevel 1[0m _identify(src/dobot_robot_manager) by extensions ['colcon_pkg']
[0.220s] [34mcolcon.colcon_core.package_identification[0m [1;30mLevel 1[0m _identify(src/dobot_robot_manager) by extension 'colcon_pkg'
[0.220s] [34mcolcon.colcon_core.package_identification[0m [1;30mLevel 1[0m _identify(src/dobot_robot_manager) by extensions ['colcon_meta']
[0.220s] [34mcolcon.colcon_core.package_identification[0m [1;30mLevel 1[0m _identify(src/dobot_robot_manager) by extension 'colcon_meta'
[0.220s] [34mcolcon.colcon_core.package_identification[0m [1;30mLevel 1[0m _identify(src/dobot_robot_manager) by extensions ['ros']
[0.220s] [34mcolcon.colcon_core.package_identification[0m [1;30mLevel 1[0m _identify(src/dobot_robot_manager) by extension 'ros'
[0.224s] [34mcolcon.colcon_core.package_identification[0m [1;30mDEBUG[0m [32mPackage 'src/dobot_robot_manager' with type 'ros.ament_python' and name 'dobot_robot_manager'[0m
[0.224s] [34mcolcon.colcon_core.package_identification[0m [1;30mLevel 1[0m _identify(src/dobot_ros2_client) by extensions ['ignore', 'ignore_ament_install']
[0.224s] [34mcolcon.colcon_core.package_identification[0m [1;30mLevel 1[0m _identify(src/dobot_ros2_client) by extension 'ignore'
[0.224s] [34mcolcon.colcon_core.package_identification[0m [1;30mLevel 1[0m _identify(src/dobot_ros2_client) by extension 'ignore_ament_install'
[0.224s] [34mcolcon.colcon_core.package_identification[0m [1;30mLevel 1[0m _identify(src/dobot_ros2_client) by extensions ['colcon_pkg']
[0.224s] [34mcolcon.colcon_core.package_identification[0m [1;30mLevel 1[0m _identify(src/dobot_ros2_client) by extension 'colcon_pkg'
[0.224s] [34mcolcon.colcon_core.package_identification[0m [1;30mLevel 1[0m _identify(src/dobot_ros2_client) by extensions ['colcon_meta']
[0.224s] [34mcolcon.colcon_core.package_identification[0m [1;30mLevel 1[0m _identify(src/dobot_ros2_client) by extension 'colcon_meta'
[0.224s] [34mcolcon.colcon_core.package_identification[0m [1;30mLevel 1[0m _identify(src/dobot_ros2_client) by extensions ['ros']
[0.224s] [34mcolcon.colcon_core.package_identification[0m [1;30mLevel 1[0m _identify(src/dobot_ros2_client) by extension 'ros'
[0.230s] [34mcolcon.colcon_core.package_identification[0m [1;30mDEBUG[0m [32mPackage 'src/dobot_ros2_client' with type 'ros.ament_python' and name 'dobot_ros2_client'[0m
[0.230s] [34mcolcon.colcon_core.package_identification[0m [1;30mLevel 1[0m _identify(src/install) by extensions ['ignore', 'ignore_ament_install']
[0.230s] [34mcolcon.colcon_core.package_identification[0m [1;30mLevel 1[0m _identify(src/install) by extension 'ignore'
[0.230s] [34mcolcon.colcon_core.package_identification[0m [1;30mLevel 1[0m _identify(src/install) ignored
[0.230s] [34mcolcon.colcon_core.package_identification[0m [1;30mLevel 1[0m _identify(src/log) by extensions ['ignore', 'ignore_ament_install']
[0.230s] [34mcolcon.colcon_core.package_identification[0m [1;30mLevel 1[0m _identify(src/log) by extension 'ignore'
[0.231s] [34mcolcon.colcon_core.package_identification[0m [1;30mLevel 1[0m _identify(src/log) ignored
[0.231s] [34mcolcon.colcon_core.package_identification[0m [1;30mLevel 1[0m _identify(src/python_project_file) by extensions ['ignore', 'ignore_ament_install']
[0.231s] [34mcolcon.colcon_core.package_identification[0m [1;30mLevel 1[0m _identify(src/python_project_file) by extension 'ignore'
[0.231s] [34mcolcon.colcon_core.package_identification[0m [1;30mLevel 1[0m _identify(src/python_project_file) ignored
[0.231s] [34mcolcon.colcon_core.package_discovery[0m [1;30mLevel 1[0m discover_packages(recursive) using defaults
[0.231s] [34mcolcon.colcon_core.package_discovery[0m [1;30mLevel 1[0m discover_packages(ignore) discover
[0.231s] [34mcolcon.colcon_core.package_discovery[0m [1;30mLevel 1[0m discover_packages(ignore) using defaults
[0.231s] [34mcolcon.colcon_core.package_discovery[0m [1;30mLevel 1[0m discover_packages(path) discover
[0.231s] [34mcolcon.colcon_core.package_discovery[0m [1;30mLevel 1[0m discover_packages(path) using defaults
[0.251s] [34mcolcon.colcon_core.package_discovery[0m [1;30mLevel 1[0m discover_packages(prefix_path) check parameters
[0.251s] [34mcolcon.colcon_core.package_discovery[0m [1;30mLevel 1[0m discover_packages(prefix_path) discover
[0.253s] [34mcolcon.colcon_installed_package_information.package_discovery[0m [1;30mDEBUG[0m [32mFound 2 installed packages in /home/kiro06/Documents/dobot_project/dobot_workspace/install[0m
[0.255s] [34mcolcon.colcon_installed_package_information.package_discovery[0m [1;30mDEBUG[0m [32mFound 382 installed packages in /opt/ros/jazzy[0m
[0.256s] [34mcolcon.colcon_core.package_discovery[0m [1;30mLevel 1[0m discover_packages(prefix_path) using defaults
[0.306s] [34mcolcon.colcon_core.verb[0m [1;30mLevel 5[0m set package 'dobot_robot_manager' build argument 'cmake_args' from command line to 'None'
[0.307s] [34mcolcon.colcon_core.verb[0m [1;30mLevel 5[0m set package 'dobot_robot_manager' build argument 'cmake_target' from command line to 'None'
[0.307s] [34mcolcon.colcon_core.verb[0m [1;30mLevel 5[0m set package 'dobot_robot_manager' build argument 'cmake_target_skip_unavailable' from command line to 'False'
[0.307s] [34mcolcon.colcon_core.verb[0m [1;30mLevel 5[0m set package 'dobot_robot_manager' build argument 'cmake_clean_cache' from command line to 'False'
[0.307s] [34mcolcon.colcon_core.verb[0m [1;30mLevel 5[0m set package 'dobot_robot_manager' build argument 'cmake_clean_first' from command line to 'False'
[0.307s] [34mcolcon.colcon_core.verb[0m [1;30mLevel 5[0m set package 'dobot_robot_manager' build argument 'cmake_force_configure' from command line to 'False'
[0.307s] [34mcolcon.colcon_core.verb[0m [1;30mLevel 5[0m set package 'dobot_robot_manager' build argument 'ament_cmake_args' from command line to 'None'
[0.307s] [34mcolcon.colcon_core.verb[0m [1;30mLevel 5[0m set package 'dobot_robot_manager' build argument 'catkin_cmake_args' from command line to 'None'
[0.307s] [34mcolcon.colcon_core.verb[0m [1;30mLevel 5[0m set package 'dobot_robot_manager' build argument 'catkin_skip_building_tests' from command line to 'False'
[0.307s] [34mcolcon.colcon_core.verb[0m [1;30mDEBUG[0m [32mBuilding package 'dobot_robot_manager' with the following arguments: {'ament_cmake_args': None, 'build_base': '/home/kiro06/Documents/dobot_project/dobot_workspace/build/dobot_robot_manager', 'catkin_cmake_args': None, 'catkin_skip_building_tests': False, 'cmake_args': None, 'cmake_clean_cache': False, 'cmake_clean_first': False, 'cmake_force_configure': False, 'cmake_target': None, 'cmake_target_skip_unavailable': False, 'install_base': '/home/kiro06/Documents/dobot_project/dobot_workspace/install/dobot_robot_manager', 'merge_install': False, 'path': '/home/kiro06/Documents/dobot_project/dobot_workspace/src/dobot_robot_manager', 'symlink_install': False, 'test_result_base': None}[0m
[0.307s] [34mcolcon.colcon_core.verb[0m [1;30mLevel 5[0m set package 'dobot_ros2_client' build argument 'cmake_args' from command line to 'None'
[0.307s] [34mcolcon.colcon_core.verb[0m [1;30mLevel 5[0m set package 'dobot_ros2_client' build argument 'cmake_target' from command line to 'None'
[0.307s] [34mcolcon.colcon_core.verb[0m [1;30mLevel 5[0m set package 'dobot_ros2_client' build argument 'cmake_target_skip_unavailable' from command line to 'False'
[0.307s] [34mcolcon.colcon_core.verb[0m [1;30mLevel 5[0m set package 'dobot_ros2_client' build argument 'cmake_clean_cache' from command line to 'False'
[0.307s] [34mcolcon.colcon_core.verb[0m [1;30mLevel 5[0m set package 'dobot_ros2_client' build argument 'cmake_clean_first' from command line to 'False'
[0.307s] [34mcolcon.colcon_core.verb[0m [1;30mLevel 5[0m set package 'dobot_ros2_client' build argument 'cmake_force_configure' from command line to 'False'
[0.307s] [34mcolcon.colcon_core.verb[0m [1;30mLevel 5[0m set package 'dobot_ros2_client' build argument 'ament_cmake_args' from command line to 'None'
[0.307s] [34mcolcon.colcon_core.verb[0m [1;30mLevel 5[0m set package 'dobot_ros2_client' build argument 'catkin_cmake_args' from command line to 'None'
[0.307s] [34mcolcon.colcon_core.verb[0m [1;30mLevel 5[0m set package 'dobot_ros2_client' build argument 'catkin_skip_building_tests' from command line to 'False'
[0.307s] [34mcolcon.colcon_core.verb[0m [1;30mDEBUG[0m [32mBuilding package 'dobot_ros2_client' with the following arguments: {'ament_cmake_args': None, 'build_base': '/home/kiro06/Documents/dobot_project/dobot_workspace/build/dobot_ros2_client', 'catkin_cmake_args': None, 'catkin_skip_building_tests': False, 'cmake_args': None, 'cmake_clean_cache': False, 'cmake_clean_first': False, 'cmake_force_configure': False, 'cmake_target': None, 'cmake_target_skip_unavailable': False, 'install_base': '/home/kiro06/Documents/dobot_project/dobot_workspace/install/dobot_ros2_client', 'merge_install': False, 'path': '/home/kiro06/Documents/dobot_project/dobot_workspace/src/dobot_ros2_client', 'symlink_install': False, 'test_result_base': None}[0m
[0.307s] [34mcolcon.colcon_core.executor[0m [1;30mINFO[0m Executing jobs using 'parallel' executor
[0.308s] [34mcolcon.colcon_parallel_executor.executor.parallel[0m [1;30mDEBUG[0m [32mrun_until_complete[0m
[0.309s] [34mcolcon.colcon_ros.task.ament_python.build[0m [1;30mINFO[0m Building ROS package in '/home/kiro06/Documents/dobot_project/dobot_workspace/src/dobot_robot_manager' with build type 'ament_python'
[0.309s] [34mcolcon.colcon_core.shell[0m [1;30mLevel 1[0m create_environment_hook('dobot_robot_manager', 'ament_prefix_path')
[0.312s] [34mcolcon.colcon_core.plugin_system[0m [1;30mINFO[0m Skipping extension 'colcon_core.shell.bat': Not used on non-Windows systems
[0.313s] [34mcolcon.colcon_core.shell[0m [1;30mINFO[0m Creating environment hook '/home/kiro06/Documents/dobot_project/dobot_workspace/install/dobot_robot_manager/share/dobot_robot_manager/hook/ament_prefix_path.ps1'
[0.314s] [34mcolcon.colcon_core.shell[0m [1;30mINFO[0m Creating environment descriptor '/home/kiro06/Documents/dobot_project/dobot_workspace/install/dobot_robot_manager/share/dobot_robot_manager/hook/ament_prefix_path.dsv'
[0.314s] [34mcolcon.colcon_core.shell[0m [1;30mINFO[0m Creating environment hook '/home/kiro06/Documents/dobot_project/dobot_workspace/install/dobot_robot_manager/share/dobot_robot_manager/hook/ament_prefix_path.sh'
[0.316s] [34mcolcon.colcon_core.shell[0m [1;30mINFO[0m Skip shell extension 'powershell' for command environment: Not usable outside of PowerShell
[0.316s] [34mcolcon.colcon_core.shell[0m [1;30mDEBUG[0m [32mSkip shell extension 'dsv' for command environment[0m
[0.322s] [34mcolcon.colcon_ros.task.ament_python.build[0m [1;30mINFO[0m Building ROS package in '/home/kiro06/Documents/dobot_project/dobot_workspace/src/dobot_ros2_client' with build type 'ament_python'
[0.322s] [34mcolcon.colcon_core.shell[0m [1;30mLevel 1[0m create_environment_hook('dobot_ros2_client', 'ament_prefix_path')
[0.322s] [34mcolcon.colcon_core.shell[0m [1;30mINFO[0m Creating environment hook '/home/kiro06/Documents/dobot_project/dobot_workspace/install/dobot_ros2_client/share/dobot_ros2_client/hook/ament_prefix_path.ps1'
[0.323s] [34mcolcon.colcon_core.shell[0m [1;30mINFO[0m Creating environment descriptor '/home/kiro06/Documents/dobot_project/dobot_workspace/install/dobot_ros2_client/share/dobot_ros2_client/hook/ament_prefix_path.dsv'
[0.323s] [34mcolcon.colcon_core.shell[0m [1;30mINFO[0m Creating environment hook '/home/kiro06/Documents/dobot_project/dobot_workspace/install/dobot_ros2_client/share/dobot_ros2_client/hook/ament_prefix_path.sh'
[0.324s] [34mcolcon.colcon_core.shell[0m [1;30mINFO[0m Skip shell extension 'powershell' for command environment: Not usable outside of PowerShell
[0.324s] [34mcolcon.colcon_core.shell[0m [1;30mDEBUG[0m [32mSkip shell extension 'dsv' for command environment[0m
[0.625s] [34mcolcon.colcon_core.task.python.build[0m [1;30mINFO[0m Building Python package in '/home/kiro06/Documents/dobot_project/dobot_workspace/src/dobot_robot_manager'
[0.626s] [34mcolcon.colcon_core.shell[0m [1;30mINFO[0m Skip shell extension 'powershell' for command environment: Not usable outside of PowerShell
[0.626s] [34mcolcon.colcon_core.shell[0m [1;30mDEBUG[0m [32mSkip shell extension 'dsv' for command environment[0m
[0.975s] [34mcolcon.colcon_core.task.python.build[0m [1;30mINFO[0m Building Python package in '/home/kiro06/Documents/dobot_project/dobot_workspace/src/dobot_ros2_client'
[0.975s] [34mcolcon.colcon_core.shell[0m [1;30mINFO[0m Skip shell extension 'powershell' for command environment: Not usable outside of PowerShell
[0.975s] [34mcolcon.colcon_core.shell[0m [1;30mDEBUG[0m [32mSkip shell extension 'dsv' for command environment[0m
[1.839s] [34mcolcon.colcon_core.event_handler.log_command[0m [1;30mDEBUG[0m [32mInvoking command in '/home/kiro06/Documents/dobot_project/dobot_workspace/src/dobot_robot_manager': DEBUGINFOD_URLS=https://debuginfod.ubuntu.com PYTHONPATH=/home/kiro06/Documents/dobot_project/dobot_workspace/build/dobot_robot_manager/prefix_override:/usr/lib/python3/dist-packages/colcon_core/task/python/colcon_distutils_commands:/home/kiro06/Documents/dobot_project/dobot_workspace/install/dobot_robot_manager/lib/python3.12/site-packages:${PYTHONPATH} /usr/bin/python3 -W ignore:setup.py install is deprecated -W ignore:easy_install command is deprecated setup.py egg_info --egg-base ../../build/dobot_robot_manager build --build-base /home/kiro06/Documents/dobot_project/dobot_workspace/build/dobot_robot_manager/build install --record /home/kiro06/Documents/dobot_project/dobot_workspace/build/dobot_robot_manager/install.log --single-version-externally-managed install_data[0m
[1.845s] [34mcolcon.colcon_core.event_handler.log_command[0m [1;30mDEBUG[0m [32mInvoking command in '/home/kiro06/Documents/dobot_project/dobot_workspace/build/dobot_ros2_client': DEBUGINFOD_URLS=https://debuginfod.ubuntu.com PYTHONPATH=/home/kiro06/Documents/dobot_project/dobot_workspace/build/dobot_ros2_client/prefix_override:/usr/lib/python3/dist-packages/colcon_core/task/python/colcon_distutils_commands:/home/kiro06/Documents/dobot_project/dobot_workspace/install/dobot_ros2_client/lib/python3.12/site-packages:${PYTHONPATH} /usr/bin/python3 -W ignore:setup.py install is deprecated -W ignore:easy_install command is deprecated setup.py develop --uninstall --editable --build-directory /home/kiro06/Documents/dobot_project/dobot_workspace/build/dobot_ros2_client/build[0m
[2.647s] [34mcolcon.colcon_core.event_handler.log_command[0m [1;30mDEBUG[0m [32mInvoked command in '/home/kiro06/Documents/dobot_project/dobot_workspace/src/dobot_robot_manager' returned '0': DEBUGINFOD_URLS=https://debuginfod.ubuntu.com PYTHONPATH=/home/kiro06/Documents/dobot_project/dobot_workspace/build/dobot_robot_manager/prefix_override:/usr/lib/python3/dist-packages/colcon_core/task/python/colcon_distutils_commands:/home/kiro06/Documents/dobot_project/dobot_workspace/install/dobot_robot_manager/lib/python3.12/site-packages:${PYTHONPATH} /usr/bin/python3 -W ignore:setup.py install is deprecated -W ignore:easy_install command is deprecated setup.py egg_info --egg-base ../../build/dobot_robot_manager build --build-base /home/kiro06/Documents/dobot_project/dobot_workspace/build/dobot_robot_manager/build install --record /home/kiro06/Documents/dobot_project/dobot_workspace/build/dobot_robot_manager/install.log --single-version-externally-managed install_data[0m
[2.649s] [34mcolcon.colcon_core.environment[0m [1;30mLevel 1[0m checking '/home/kiro06/Documents/dobot_project/dobot_workspace/install/dobot_robot_manager' for CMake module files
[2.650s] [34mcolcon.colcon_core.environment[0m [1;30mLevel 1[0m checking '/home/kiro06/Documents/dobot_project/dobot_workspace/install/dobot_robot_manager' for CMake config files
[2.651s] [34mcolcon.colcon_core.environment[0m [1;30mLevel 1[0m checking '/home/kiro06/Documents/dobot_project/dobot_workspace/install/dobot_robot_manager/lib'
[2.651s] [34mcolcon.colcon_core.environment[0m [1;30mLevel 1[0m checking '/home/kiro06/Documents/dobot_project/dobot_workspace/install/dobot_robot_manager/bin'
[2.651s] [34mcolcon.colcon_core.environment[0m [1;30mLevel 1[0m checking '/home/kiro06/Documents/dobot_project/dobot_workspace/install/dobot_robot_manager/lib/pkgconfig/dobot_robot_manager.pc'
[2.651s] [34mcolcon.colcon_core.environment[0m [1;30mLevel 1[0m checking '/home/kiro06/Documents/dobot_project/dobot_workspace/install/dobot_robot_manager/lib/python3.12/site-packages'
[2.652s] [34mcolcon.colcon_core.shell[0m [1;30mLevel 1[0m create_environment_hook('dobot_robot_manager', 'pythonpath')
[2.652s] [34mcolcon.colcon_core.shell[0m [1;30mINFO[0m Creating environment hook '/home/kiro06/Documents/dobot_project/dobot_workspace/install/dobot_robot_manager/share/dobot_robot_manager/hook/pythonpath.ps1'
[2.652s] [34mcolcon.colcon_core.shell[0m [1;30mINFO[0m Creating environment descriptor '/home/kiro06/Documents/dobot_project/dobot_workspace/install/dobot_robot_manager/share/dobot_robot_manager/hook/pythonpath.dsv'
[2.653s] [34mcolcon.colcon_core.shell[0m [1;30mINFO[0m Creating environment hook '/home/kiro06/Documents/dobot_project/dobot_workspace/install/dobot_robot_manager/share/dobot_robot_manager/hook/pythonpath.sh'
[2.654s] [34mcolcon.colcon_core.environment[0m [1;30mLevel 1[0m checking '/home/kiro06/Documents/dobot_project/dobot_workspace/install/dobot_robot_manager/bin'
[2.654s] [34mcolcon.colcon_core.environment[0m [1;30mLevel 1[0m create_environment_scripts_only(dobot_robot_manager)
[2.654s] [34mcolcon.colcon_core.shell[0m [1;30mINFO[0m Creating package script '/home/kiro06/Documents/dobot_project/dobot_workspace/install/dobot_robot_manager/share/dobot_robot_manager/package.ps1'
[2.655s] [34mcolcon.colcon_core.shell[0m [1;30mINFO[0m Creating package descriptor '/home/kiro06/Documents/dobot_project/dobot_workspace/install/dobot_robot_manager/share/dobot_robot_manager/package.dsv'
[2.656s] [34mcolcon.colcon_core.shell[0m [1;30mINFO[0m Creating package script '/home/kiro06/Documents/dobot_project/dobot_workspace/install/dobot_robot_manager/share/dobot_robot_manager/package.sh'
[2.656s] [34mcolcon.colcon_core.shell[0m [1;30mINFO[0m Creating package script '/home/kiro06/Documents/dobot_project/dobot_workspace/install/dobot_robot_manager/share/dobot_robot_manager/package.bash'
[2.657s] [34mcolcon.colcon_core.shell[0m [1;30mINFO[0m Creating package script '/home/kiro06/Documents/dobot_project/dobot_workspace/install/dobot_robot_manager/share/dobot_robot_manager/package.zsh'
[2.657s] [34mcolcon.colcon_core.environment[0m [1;30mLevel 1[0m create_file_with_runtime_dependencies(/home/kiro06/Documents/dobot_project/dobot_workspace/install/dobot_robot_manager/share/colcon-core/packages/dobot_robot_manager)
[2.702s] [34mcolcon.colcon_core.event_handler.log_command[0m [1;30mDEBUG[0m [32mInvoked command in '/home/kiro06/Documents/dobot_project/dobot_workspace/build/dobot_ros2_client' returned '0': DEBUGINFOD_URLS=https://debuginfod.ubuntu.com PYTHONPATH=/home/kiro06/Documents/dobot_project/dobot_workspace/build/dobot_ros2_client/prefix_override:/usr/lib/python3/dist-packages/colcon_core/task/python/colcon_distutils_commands:/home/kiro06/Documents/dobot_project/dobot_workspace/install/dobot_ros2_client/lib/python3.12/site-packages:${PYTHONPATH} /usr/bin/python3 -W ignore:setup.py install is deprecated -W ignore:easy_install command is deprecated setup.py develop --uninstall --editable --build-directory /home/kiro06/Documents/dobot_project/dobot_workspace/build/dobot_ros2_client/build[0m
[2.704s] [34mcolcon.colcon_core.event_handler.log_command[0m [1;30mDEBUG[0m [32mInvoking command in '/home/kiro06/Documents/dobot_project/dobot_workspace/src/dobot_ros2_client': DEBUGINFOD_URLS=https://debuginfod.ubuntu.com PYTHONPATH=/home/kiro06/Documents/dobot_project/dobot_workspace/build/dobot_ros2_client/prefix_override:/usr/lib/python3/dist-packages/colcon_core/task/python/colcon_distutils_commands:/home/kiro06/Documents/dobot_project/dobot_workspace/install/dobot_ros2_client/lib/python3.12/site-packages:${PYTHONPATH} /usr/bin/python3 -W ignore:setup.py install is deprecated -W ignore:easy_install command is deprecated setup.py egg_info --egg-base ../../build/dobot_ros2_client build --build-base /home/kiro06/Documents/dobot_project/dobot_workspace/build/dobot_ros2_client/build install --record /home/kiro06/Documents/dobot_project/dobot_workspace/build/dobot_ros2_client/install.log --single-version-externally-managed install_data --force[0m
[3.530s] [34mcolcon.colcon_core.environment[0m [1;30mLevel 1[0m checking '/home/kiro06/Documents/dobot_project/dobot_workspace/install/dobot_ros2_client' for CMake module files
[3.530s] [34mcolcon.colcon_core.event_handler.log_command[0m [1;30mDEBUG[0m [32mInvoked command in '/home/kiro06/Documents/dobot_project/dobot_workspace/src/dobot_ros2_client' returned '0': DEBUGINFOD_URLS=https://debuginfod.ubuntu.com PYTHONPATH=/home/kiro06/Documents/dobot_project/dobot_workspace/build/dobot_ros2_client/prefix_override:/usr/lib/python3/dist-packages/colcon_core/task/python/colcon_distutils_commands:/home/kiro06/Documents/dobot_project/dobot_workspace/install/dobot_ros2_client/lib/python3.12/site-packages:${PYTHONPATH} /usr/bin/python3 -W ignore:setup.py install is deprecated -W ignore:easy_install command is deprecated setup.py egg_info --egg-base ../../build/dobot_ros2_client build --build-base /home/kiro06/Documents/dobot_project/dobot_workspace/build/dobot_ros2_client/build install --record /home/kiro06/Documents/dobot_project/dobot_workspace/build/dobot_ros2_client/install.log --single-version-externally-managed install_data --force[0m
[3.531s] [34mcolcon.colcon_core.environment[0m [1;30mLevel 1[0m checking '/home/kiro06/Documents/dobot_project/dobot_workspace/install/dobot_ros2_client' for CMake config files
[3.532s] [34mcolcon.colcon_core.environment[0m [1;30mLevel 1[0m checking '/home/kiro06/Documents/dobot_project/dobot_workspace/install/dobot_ros2_client/lib'
[3.532s] [34mcolcon.colcon_core.environment[0m [1;30mLevel 1[0m checking '/home/kiro06/Documents/dobot_project/dobot_workspace/install/dobot_ros2_client/bin'
[3.532s] [34mcolcon.colcon_core.environment[0m [1;30mLevel 1[0m checking '/home/kiro06/Documents/dobot_project/dobot_workspace/install/dobot_ros2_client/lib/pkgconfig/dobot_ros2_client.pc'
[3.532s] [34mcolcon.colcon_core.environment[0m [1;30mLevel 1[0m checking '/home/kiro06/Documents/dobot_project/dobot_workspace/install/dobot_ros2_client/lib/python3.12/site-packages'
[3.532s] [34mcolcon.colcon_core.shell[0m [1;30mLevel 1[0m create_environment_hook('dobot_ros2_client', 'pythonpath')
[3.532s] [34mcolcon.colcon_core.shell[0m [1;30mINFO[0m Creating environment hook '/home/kiro06/Documents/dobot_project/dobot_workspace/install/dobot_ros2_client/share/dobot_ros2_client/hook/pythonpath.ps1'
[3.533s] [34mcolcon.colcon_core.shell[0m [1;30mINFO[0m Creating environment descriptor '/home/kiro06/Documents/dobot_project/dobot_workspace/install/dobot_ros2_client/share/dobot_ros2_client/hook/pythonpath.dsv'
[3.533s] [34mcolcon.colcon_core.shell[0m [1;30mINFO[0m Creating environment hook '/home/kiro06/Documents/dobot_project/dobot_workspace/install/dobot_ros2_client/share/dobot_ros2_client/hook/pythonpath.sh'
[3.534s] [34mcolcon.colcon_core.environment[0m [1;30mLevel 1[0m checking '/home/kiro06/Documents/dobot_project/dobot_workspace/install/dobot_ros2_client/bin'
[3.534s] [34mcolcon.colcon_core.environment[0m [1;30mLevel 1[0m create_environment_scripts_only(dobot_ros2_client)
[3.534s] [34mcolcon.colcon_core.shell[0m [1;30mINFO[0m Creating package script '/home/kiro06/Documents/dobot_project/dobot_workspace/install/dobot_ros2_client/share/dobot_ros2_client/package.ps1'
[3.535s] [34mcolcon.colcon_core.shell[0m [1;30mINFO[0m Creating package descriptor '/home/kiro06/Documents/dobot_project/dobot_workspace/install/dobot_ros2_client/share/dobot_ros2_client/package.dsv'
[3.535s] [34mcolcon.colcon_core.shell[0m [1;30mINFO[0m Creating package script '/home/kiro06/Documents/dobot_project/dobot_workspace/install/dobot_ros2_client/share/dobot_ros2_client/package.sh'
[3.536s] [34mcolcon.colcon_core.shell[0m [1;30mINFO[0m Creating package script '/home/kiro06/Documents/dobot_project/dobot_workspace/install/dobot_ros2_client/share/dobot_ros2_client/package.bash'
[3.536s] [34mcolcon.colcon_core.shell[0m [1;30mINFO[0m Creating package script '/home/kiro06/Documents/dobot_project/dobot_workspace/install/dobot_ros2_client/share/dobot_ros2_client/package.zsh'
[3.536s] [34mcolcon.colcon_core.environment[0m [1;30mLevel 1[0m create_file_with_runtime_dependencies(/home/kiro06/Documents/dobot_project/dobot_workspace/install/dobot_ros2_client/share/colcon-core/packages/dobot_ros2_client)
[3.537s] [34mcolcon.colcon_parallel_executor.executor.parallel[0m [1;30mDEBUG[0m [32mclosing loop[0m
[3.537s] [34mcolcon.colcon_parallel_executor.executor.parallel[0m [1;30mDEBUG[0m [32mloop closed[0m
[3.537s] [34mcolcon.colcon_parallel_executor.executor.parallel[0m [1;30mDEBUG[0m [32mrun_until_complete finished with '0'[0m
[3.537s] [34mcolcon.colcon_core.event_reactor[0m [1;30mDEBUG[0m [32mjoining thread[0m
[3.544s] [34mcolcon.colcon_core.plugin_system[0m [1;30mINFO[0m Skipping extension 'colcon_notification.desktop_notification.terminal_notifier': Not used on non-Darwin systems
[3.544s] [34mcolcon.colcon_core.plugin_system[0m [1;30mINFO[0m Skipping extension 'colcon_notification.desktop_notification.win32': Not used on non-Windows systems
[3.544s] [34mcolcon.colcon_notification.desktop_notification[0m [1;30mINFO[0m Sending desktop notification using 'notify2'
[3.571s] [34mcolcon.colcon_core.event_reactor[0m [1;30mDEBUG[0m [32mjoined thread[0m
[3.571s] [34mcolcon.colcon_core.shell[0m [1;30mINFO[0m Creating prefix script '/home/kiro06/Documents/dobot_project/dobot_workspace/install/local_setup.ps1'
[3.573s] [34mcolcon.colcon_core.shell[0m [1;30mINFO[0m Creating prefix util module '/home/kiro06/Documents/dobot_project/dobot_workspace/install/_local_setup_util_ps1.py'
[3.575s] [34mcolcon.colcon_core.shell[0m [1;30mINFO[0m Creating prefix chain script '/home/kiro06/Documents/dobot_project/dobot_workspace/install/setup.ps1'
[3.577s] [34mcolcon.colcon_core.shell[0m [1;30mINFO[0m Creating prefix script '/home/kiro06/Documents/dobot_project/dobot_workspace/install/local_setup.sh'
[3.578s] [34mcolcon.colcon_core.shell[0m [1;30mINFO[0m Creating prefix util module '/home/kiro06/Documents/dobot_project/dobot_workspace/install/_local_setup_util_sh.py'
[3.579s] [34mcolcon.colcon_core.shell[0m [1;30mINFO[0m Creating prefix chain script '/home/kiro06/Documents/dobot_project/dobot_workspace/install/setup.sh'
[3.580s] [34mcolcon.colcon_core.shell[0m [1;30mINFO[0m Creating prefix script '/home/kiro06/Documents/dobot_project/dobot_workspace/install/local_setup.bash'
[3.581s] [34mcolcon.colcon_core.shell[0m [1;30mINFO[0m Creating prefix chain script '/home/kiro06/Documents/dobot_project/dobot_workspace/install/setup.bash'
[3.582s] [34mcolcon.colcon_core.shell[0m [1;30mINFO[0m Creating prefix script '/home/kiro06/Documents/dobot_project/dobot_workspace/install/local_setup.zsh'
[3.583s] [34mcolcon.colcon_core.shell[0m [1;30mINFO[0m Creating prefix chain script '/home/kiro06/Documents/dobot_project/dobot_workspace/install/setup.zsh'
