[1.179s] Invoking command in '/home/kiro06/Documents/dobot_project/dobot_workspace/src/dobot_ros2_client': DEBUGINFOD_URLS=https://debuginfod.ubuntu.com PYTHONPATH=/home/kiro06/Documents/dobot_project/dobot_workspace/build/dobot_ros2_client/prefix_override:/usr/lib/python3/dist-packages/colcon_core/task/python/colcon_distutils_commands:/home/kiro06/Documents/dobot_project/dobot_workspace/install/dobot_ros2_client/lib/python3.12/site-packages:${PYTHONPATH} /usr/bin/python3 -W ignore:setup.py install is deprecated -W ignore:easy_install command is deprecated setup.py egg_info --egg-base ../../build/dobot_ros2_client build --build-base /home/kiro06/Documents/dobot_project/dobot_workspace/build/dobot_ros2_client/build install --record /home/kiro06/Documents/dobot_project/dobot_workspace/build/dobot_ros2_client/install.log --single-version-externally-managed install_data
[1.577s] running egg_info
[1.607s] writing ../../build/dobot_ros2_client/dobot_ros2_client.egg-info/PKG-INFO
[1.607s] writing dependency_links to ../../build/dobot_ros2_client/dobot_ros2_client.egg-info/dependency_links.txt
[1.607s] writing entry points to ../../build/dobot_ros2_client/dobot_ros2_client.egg-info/entry_points.txt
[1.607s] writing requirements to ../../build/dobot_ros2_client/dobot_ros2_client.egg-info/requires.txt
[1.607s] writing top-level names to ../../build/dobot_ros2_client/dobot_ros2_client.egg-info/top_level.txt
[1.671s] reading manifest file '../../build/dobot_ros2_client/dobot_ros2_client.egg-info/SOURCES.txt'
[1.672s] writing manifest file '../../build/dobot_ros2_client/dobot_ros2_client.egg-info/SOURCES.txt'
[1.672s] running build
[1.672s] running build_py
[1.672s] running install
[1.680s] running install_lib
[1.712s] running install_data
[1.712s] running install_egg_info
[1.746s] removing '/home/kiro06/Documents/dobot_project/dobot_workspace/install/dobot_ros2_client/lib/python3.12/site-packages/dobot_ros2_client-0.0.1-py3.12.egg-info' (and everything under it)
[1.746s] Copying ../../build/dobot_ros2_client/dobot_ros2_client.egg-info to /home/kiro06/Documents/dobot_project/dobot_workspace/install/dobot_ros2_client/lib/python3.12/site-packages/dobot_ros2_client-0.0.1-py3.12.egg-info
[1.747s] running install_scripts
[1.947s] Installing dobot_client_node script to /home/kiro06/Documents/dobot_project/dobot_workspace/install/dobot_ros2_client/lib/dobot_ros2_client
[1.947s] Installing dobot_test_node script to /home/kiro06/Documents/dobot_project/dobot_workspace/install/dobot_ros2_client/lib/dobot_ros2_client
[1.947s] writing list of installed files to '/home/kiro06/Documents/dobot_project/dobot_workspace/build/dobot_ros2_client/install.log'
[1.990s] Invoked command in '/home/kiro06/Documents/dobot_project/dobot_workspace/src/dobot_ros2_client' returned '0': DEBUGINFOD_URLS=https://debuginfod.ubuntu.com PYTHONPATH=/home/kiro06/Documents/dobot_project/dobot_workspace/build/dobot_ros2_client/prefix_override:/usr/lib/python3/dist-packages/colcon_core/task/python/colcon_distutils_commands:/home/kiro06/Documents/dobot_project/dobot_workspace/install/dobot_ros2_client/lib/python3.12/site-packages:${PYTHONPATH} /usr/bin/python3 -W ignore:setup.py install is deprecated -W ignore:easy_install command is deprecated setup.py egg_info --egg-base ../../build/dobot_ros2_client build --build-base /home/kiro06/Documents/dobot_project/dobot_workspace/build/dobot_ros2_client/build install --record /home/kiro06/Documents/dobot_project/dobot_workspace/build/dobot_ros2_client/install.log --single-version-externally-managed install_data
